<?xml version="1.0" encoding="UTF-8"?>
<testsuite xmlns:xsi="http://www.w3.org/2001/XMLSchema-instance" xsi:noNamespaceSchemaLocation="https://maven.apache.org/surefire/maven-surefire-plugin/xsd/surefire-test-report-3.0.xsd" version="3.0" name="com.kgisl.junit5.CalculatorTest" time="0.073" tests="3" errors="0" skipped="1" failures="0">
  <properties>
[...]
</properties>
  <testcase name="subtest" classname="com.kgisl.junit5.CalculatorTest" time="0.041"/>
  <testcase name="multitest" classname="com.kgisl.junit5.CalculatorTest" time="0.001"/>
  <testcase name="addtest" classname="com.kgisl.junit5.CalculatorTest" time="0.0">
    <skipped message="public void com.kgisl.junit5.CalculatorTest.addtest() is @Disabled"/>
  </testcase>
</testsuite>